INFO:utils:STgram-MFN(m=0.7,s=30)
INFO:utils:STgram-MFN(m=0.7,s=30)
INFO:utils:Num classes: 2
INFO:utils:Epoch-0	loss:0.13151
INFO:utils:STgram-MFN(m=0.7,s=30)
INFO:utils:Num classes: 2
INFO:utils:Epoch-0	loss:0.13151
INFO:utils:Epoch-1	loss:0.02384
INFO:utils:Epoch-2	loss:0.00877
INFO:utils:Epoch-3	loss:0.00662
INFO:utils:Epoch-4	loss:0.00346
INFO:utils:Epoch-5	loss:0.00308
INFO:utils:Epoch-6	loss:0.00190
INFO:utils:Epoch-7	loss:0.00134
INFO:utils:STgram-MFN(m=0.7,s=30)
INFO:utils:Num classes: 2
INFO:utils:Epoch-0	loss:0.13151
INFO:utils:Epoch-1	loss:0.02384
INFO:utils:Epoch-2	loss:0.00877
INFO:utils:Epoch-3	loss:0.00662
INFO:utils:Epoch-4	loss:0.00346
INFO:utils:Epoch-5	loss:0.00308
INFO:utils:Epoch-6	loss:0.00190
INFO:utils:Epoch-7	loss:0.00134
INFO:utils:Epoch-8	loss:0.00144
INFO:utils:Epoch-9	loss:0.00279
INFO:utils:Epoch-10	loss:0.00109
INFO:utils:Epoch-11	loss:0.00088
INFO:utils:Epoch-12	loss:0.00093
INFO:utils:Epoch-13	loss:0.00126
INFO:utils:Epoch-14	loss:0.00049
INFO:utils:Epoch-15	loss:0.00106
INFO:utils:Epoch-16	loss:0.00895
INFO:utils:Epoch-17	loss:0.00463
INFO:utils:Epoch-18	loss:0.00217
INFO:utils:Epoch-19	loss:0.00059
INFO:utils:Epoch-20	loss:0.00094
INFO:utils:Epoch-21	loss:0.00068
INFO:utils:Epoch-22	loss:0.00150
INFO:utils:Epoch-23	loss:0.00149
INFO:utils:Epoch-24	loss:0.00032
INFO:utils:Epoch-25	loss:0.00033
INFO:utils:Epoch-26	loss:0.00019
INFO:utils:Epoch-27	loss:0.00014
INFO:utils:Epoch-28	loss:0.00014
INFO:utils:Epoch-29	loss:0.00012
INFO:utils:Epoch-30	loss:0.00015
INFO:utils:STgram-MFN(m=0.7,s=30)
INFO:utils:Num classes: 2
INFO:utils:Epoch-0	loss:0.13151
INFO:utils:Epoch-1	loss:0.02384
INFO:utils:Epoch-2	loss:0.00877
INFO:utils:Epoch-3	loss:0.00662
INFO:utils:Epoch-4	loss:0.00346
INFO:utils:Epoch-5	loss:0.00308
INFO:utils:Epoch-6	loss:0.00190
INFO:utils:Epoch-7	loss:0.00134
INFO:utils:Epoch-8	loss:0.00144
INFO:utils:Epoch-9	loss:0.00279
INFO:utils:Epoch-10	loss:0.00109
INFO:utils:Epoch-11	loss:0.00088
INFO:utils:Epoch-12	loss:0.00093
INFO:utils:Epoch-13	loss:0.00126
INFO:utils:Epoch-14	loss:0.00049
INFO:utils:Epoch-15	loss:0.00106
INFO:utils:Epoch-16	loss:0.00895
INFO:utils:Epoch-17	loss:0.00463
INFO:utils:Epoch-18	loss:0.00217
INFO:utils:Epoch-19	loss:0.00059
INFO:utils:Epoch-20	loss:0.00094
INFO:utils:Epoch-21	loss:0.00068
INFO:utils:Epoch-22	loss:0.00144
INFO:utils:Epoch-23	loss:0.00139
INFO:utils:Epoch-24	loss:0.00030
INFO:utils:Epoch-25	loss:0.00031
INFO:utils:Epoch-26	loss:0.00018
INFO:utils:Epoch-27	loss:0.00012
INFO:utils:Epoch-28	loss:0.00015
INFO:utils:Epoch-29	loss:0.00013
INFO:utils:Epoch-30	loss:0.00012
INFO:utils:Epoch-31	loss:0.00115
INFO:utils:Epoch-32	loss:0.00520
INFO:utils:Epoch-33	loss:0.00398
INFO:utils:Epoch-34	loss:0.00089
INFO:utils:Epoch-35	loss:0.00023
INFO:utils:Epoch-36	loss:0.00125
INFO:utils:Epoch-37	loss:0.00269
INFO:utils:Epoch-38	loss:0.00041
INFO:utils:Epoch-39	loss:0.00016
INFO:utils:Epoch-40	loss:0.00024
INFO:utils:Epoch-41	loss:0.00008
INFO:utils:Epoch-42	loss:0.00014
INFO:utils:Epoch-43	loss:0.00009
INFO:utils:Epoch-44	loss:0.00007
INFO:utils:Epoch-45	loss:0.00014
INFO:utils:Epoch-46	loss:0.00012
INFO:utils:Epoch-47	loss:0.00005
INFO:utils:Epoch-48	loss:0.00004
INFO:utils:Epoch-49	loss:0.00010
INFO:utils:Epoch-50	loss:0.00004
INFO:utils:Epoch-51	loss:0.00002
INFO:utils:Epoch-52	loss:0.00003
INFO:utils:Epoch-53	loss:0.00003
INFO:utils:Epoch-54	loss:0.00012
INFO:utils:Epoch-55	loss:0.00017
INFO:utils:Epoch-56	loss:0.00252
INFO:utils:Epoch-57	loss:0.00709
INFO:utils:Epoch-58	loss:0.00316
INFO:utils:Epoch-59	loss:0.00108
INFO:utils:Epoch-60	loss:0.00048
INFO:utils:Epoch-61	loss:0.00194
INFO:utils:Epoch-62	loss:0.00193
INFO:utils:Epoch-63	loss:0.00055
INFO:utils:Epoch-64	loss:0.00007
INFO:utils:Epoch-65	loss:0.00006
INFO:utils:Epoch-66	loss:0.00012
INFO:utils:Epoch-67	loss:0.00002
INFO:utils:Epoch-68	loss:0.00594
INFO:utils:Epoch-69	loss:0.00033
INFO:utils:Epoch-70	loss:0.00041
INFO:utils:Epoch-71	loss:0.00038
INFO:utils:Epoch-72	loss:0.00006
INFO:utils:Epoch-73	loss:0.00030
INFO:utils:Epoch-74	loss:0.00034
INFO:utils:Epoch-75	loss:0.00003
INFO:utils:Epoch-76	loss:0.00008
INFO:utils:Epoch-77	loss:0.00011
INFO:utils:Epoch-78	loss:0.00160
INFO:utils:Epoch-79	loss:0.00293
INFO:utils:Epoch-80	loss:0.00132
INFO:utils:Epoch-81	loss:0.00051
INFO:utils:Epoch-82	loss:0.00105
INFO:utils:Epoch-83	loss:0.00116
INFO:utils:Epoch-84	loss:0.00013
INFO:utils:Epoch-85	loss:0.00011
INFO:utils:Epoch-86	loss:0.00005
INFO:utils:Epoch-87	loss:0.00003
INFO:utils:Epoch-88	loss:0.00020
INFO:utils:Epoch-89	loss:0.00036
INFO:utils:Epoch-90	loss:0.00003
INFO:utils:Epoch-91	loss:0.00190
INFO:utils:Epoch-92	loss:0.00084
INFO:utils:Epoch-93	loss:0.00121
INFO:utils:Epoch-94	loss:0.00051
INFO:utils:Epoch-95	loss:0.00052
INFO:utils:Epoch-96	loss:0.00006
INFO:utils:Epoch-97	loss:0.00009
INFO:utils:Epoch-98	loss:0.00002
INFO:utils:Epoch-99	loss:0.00004
INFO:utils:Epoch-100	loss:0.00002
INFO:utils:Acc_balanced: 1.000
INFO:utils:Best epoch now is:  100
INFO:utils:Epoch-101	loss:0.00004
INFO:utils:Epoch-102	loss:0.00008
INFO:utils:Epoch-103	loss:0.00003
INFO:utils:Epoch-104	loss:0.00273
INFO:utils:Epoch-105	loss:0.00437
INFO:utils:Epoch-106	loss:0.00131
INFO:utils:Epoch-107	loss:0.00171
INFO:utils:Epoch-108	loss:0.00087
INFO:utils:Epoch-109	loss:0.00029
INFO:utils:Epoch-110	loss:0.00007
INFO:utils:Acc_balanced: 1.000
INFO:utils:Best epoch now is:  110
INFO:utils:Epoch-111	loss:0.00009
INFO:utils:Epoch-112	loss:0.00002
INFO:utils:Epoch-113	loss:0.00154
INFO:utils:Epoch-114	loss:0.00008
INFO:utils:Epoch-115	loss:0.00009
INFO:utils:Epoch-116	loss:0.00004
INFO:utils:Epoch-117	loss:0.00003
INFO:utils:Epoch-118	loss:0.00017
INFO:utils:Epoch-119	loss:0.00008
INFO:utils:Epoch-120	loss:0.00007
INFO:utils:Acc_balanced: 1.000
INFO:utils:Best epoch now is:  120
INFO:utils:Epoch-121	loss:0.00003
INFO:utils:Epoch-122	loss:0.00001
INFO:utils:Epoch-123	loss:0.00002
INFO:utils:Epoch-124	loss:0.00001
INFO:utils:Epoch-125	loss:0.00003
INFO:utils:Epoch-126	loss:0.00002
INFO:utils:Epoch-127	loss:0.00001
INFO:utils:Epoch-128	loss:0.00004
INFO:utils:Epoch-129	loss:0.00002
INFO:utils:Epoch-130	loss:0.00002
INFO:utils:Acc_balanced: 1.000
INFO:utils:Best epoch now is:  130
INFO:utils:Epoch-131	loss:0.00001
INFO:utils:Epoch-132	loss:0.00002
INFO:utils:Epoch-133	loss:0.00000
INFO:utils:Epoch-134	loss:0.00001
INFO:utils:Epoch-135	loss:0.00000
INFO:utils:Epoch-136	loss:0.00001
INFO:utils:Epoch-137	loss:0.00371
INFO:utils:Epoch-138	loss:0.00349
INFO:utils:Epoch-139	loss:0.00150
INFO:utils:Epoch-140	loss:0.00034
INFO:utils:Acc_balanced: 1.000
INFO:utils:Best epoch now is:  140
INFO:utils:Epoch-141	loss:0.00027
INFO:utils:Epoch-142	loss:0.00018
INFO:utils:Epoch-143	loss:0.00001
INFO:utils:Epoch-144	loss:0.00003
INFO:utils:Epoch-145	loss:0.00003
INFO:utils:Epoch-146	loss:0.00013
INFO:utils:Epoch-147	loss:0.00002
INFO:utils:Epoch-148	loss:0.00003
INFO:utils:Epoch-149	loss:0.00002
INFO:utils:Epoch-150	loss:0.00113
INFO:utils:Acc_balanced: 1.000
INFO:utils:Best epoch now is:  150
INFO:utils:Epoch-151	loss:0.01475
INFO:utils:Epoch-152	loss:0.00123
INFO:utils:Epoch-153	loss:0.00005
INFO:utils:Epoch-154	loss:0.00035
INFO:utils:Epoch-155	loss:0.00013
INFO:utils:Epoch-156	loss:0.00006
INFO:utils:Epoch-157	loss:0.00004
INFO:utils:Epoch-158	loss:0.00030
INFO:utils:Epoch-159	loss:0.00019
INFO:utils:Epoch-160	loss:0.00005
INFO:utils:Acc_balanced: 1.000
INFO:utils:Best epoch now is:  160
INFO:utils:Epoch-161	loss:0.00004
INFO:utils:Epoch-162	loss:0.00008
INFO:utils:Epoch-163	loss:0.00004
INFO:utils:Epoch-164	loss:0.00033
INFO:utils:Epoch-165	loss:0.00003
INFO:utils:Epoch-166	loss:0.00001
INFO:utils:Epoch-167	loss:0.00004
INFO:utils:Epoch-168	loss:0.00018
INFO:utils:Epoch-169	loss:0.00001
INFO:utils:Epoch-170	loss:0.00002
INFO:utils:Acc_balanced: 1.000
INFO:utils:Best epoch now is:  170
INFO:utils:Epoch-171	loss:0.00002
INFO:utils:Epoch-172	loss:0.00002
INFO:utils:Epoch-173	loss:0.00015
INFO:utils:Epoch-174	loss:0.00003
INFO:utils:Epoch-175	loss:0.00018
INFO:utils:Epoch-176	loss:0.00003
INFO:utils:Epoch-177	loss:0.00009
INFO:utils:Epoch-178	loss:0.00176
INFO:utils:Epoch-179	loss:0.00012
INFO:utils:Epoch-180	loss:0.00004
INFO:utils:Acc_balanced: 1.000
INFO:utils:Best epoch now is:  180
INFO:utils:Epoch-181	loss:0.00002
INFO:utils:Epoch-182	loss:0.00002
INFO:utils:Epoch-183	loss:0.00004
INFO:utils:Epoch-184	loss:0.00002
INFO:utils:Epoch-185	loss:0.00002
INFO:utils:Epoch-186	loss:0.00002
INFO:utils:Epoch-187	loss:0.00008
INFO:utils:Epoch-188	loss:0.00160
INFO:utils:Epoch-189	loss:0.00039
INFO:utils:Epoch-190	loss:0.00010
INFO:utils:Acc_balanced: 1.000
INFO:utils:Best epoch now is:  190
INFO:utils:Epoch-191	loss:0.00004
INFO:utils:Epoch-192	loss:0.00002
INFO:utils:Epoch-193	loss:0.00003
INFO:utils:Epoch-194	loss:0.00001
INFO:utils:Epoch-195	loss:0.00003
INFO:utils:Epoch-196	loss:0.00001
INFO:utils:Epoch-197	loss:0.00004
INFO:utils:Epoch-198	loss:0.00001
INFO:utils:Epoch-199	loss:0.00000
INFO:utils:Epoch-200	loss:0.00001
INFO:utils:Acc_balanced: 1.000
INFO:utils:Best epoch now is:  200
INFO:utils:Epoch-201	loss:0.00005
INFO:utils:Epoch-202	loss:0.00001
INFO:utils:Epoch-203	loss:0.00001
INFO:utils:Epoch-204	loss:0.00000
INFO:utils:Epoch-205	loss:0.00000
INFO:utils:Epoch-206	loss:0.00001
INFO:utils:Epoch-207	loss:0.00004
INFO:utils:Epoch-208	loss:0.00000
INFO:utils:Epoch-209	loss:0.00000
INFO:utils:Epoch-210	loss:0.00000
INFO:utils:Acc_balanced: 1.000
INFO:utils:Best epoch now is:  210
INFO:utils:Epoch-211	loss:0.00000
INFO:utils:Epoch-212	loss:0.00000
INFO:utils:Epoch-213	loss:0.00000
INFO:utils:Epoch-214	loss:0.00000
INFO:utils:Epoch-215	loss:0.00003
INFO:utils:Epoch-216	loss:0.00001
INFO:utils:Epoch-217	loss:0.00000
INFO:utils:Epoch-218	loss:0.00000
INFO:utils:Epoch-219	loss:0.00000
INFO:utils:Epoch-220	loss:0.00000
INFO:utils:Acc_balanced: 1.000
INFO:utils:Best epoch now is:  220
INFO:utils:Epoch-221	loss:0.00000
INFO:utils:Epoch-222	loss:0.00000
INFO:utils:Epoch-223	loss:0.00000
INFO:utils:Epoch-224	loss:0.00000
INFO:utils:Epoch-225	loss:0.00000
INFO:utils:Epoch-226	loss:0.00000
INFO:utils:Epoch-227	loss:0.00002
INFO:utils:Epoch-228	loss:0.00187
INFO:utils:Epoch-229	loss:0.00002
INFO:utils:Epoch-230	loss:0.00001
INFO:utils:Acc_balanced: 1.000
INFO:utils:Best epoch now is:  230
INFO:utils:Epoch-231	loss:0.00000
INFO:utils:Epoch-232	loss:0.00002
INFO:utils:Epoch-233	loss:0.00001
INFO:utils:Epoch-234	loss:0.00028
INFO:utils:Epoch-235	loss:0.00017
INFO:utils:Epoch-236	loss:0.00001
INFO:utils:Epoch-237	loss:0.00000
INFO:utils:Epoch-238	loss:0.00001
INFO:utils:Epoch-239	loss:0.00001
INFO:utils:Epoch-240	loss:0.00001
INFO:utils:Acc_balanced: 1.000
INFO:utils:Best epoch now is:  240
INFO:utils:Epoch-241	loss:0.00000
INFO:utils:Epoch-242	loss:0.00003
INFO:utils:Epoch-243	loss:0.00003
INFO:utils:Epoch-244	loss:0.00004
INFO:utils:Epoch-245	loss:0.00001
INFO:utils:Epoch-246	loss:0.00000
INFO:utils:Epoch-247	loss:0.00000
INFO:utils:Epoch-248	loss:0.00000
INFO:utils:Epoch-249	loss:0.00003
INFO:utils:Epoch-250	loss:0.00002
INFO:utils:Acc_balanced: 1.000
INFO:utils:Best epoch now is:  250
INFO:utils:Epoch-251	loss:0.00000
INFO:utils:Epoch-252	loss:0.00000
INFO:utils:Epoch-253	loss:0.00000
INFO:utils:Epoch-254	loss:0.00002
INFO:utils:Epoch-255	loss:0.00000
INFO:utils:Epoch-256	loss:0.00000
INFO:utils:Epoch-257	loss:0.00000
INFO:utils:Epoch-258	loss:0.00014
INFO:utils:Epoch-259	loss:0.00002
INFO:utils:Epoch-260	loss:0.00001
INFO:utils:Acc_balanced: 1.000
INFO:utils:Best epoch now is:  260
INFO:utils:Epoch-261	loss:0.00000
INFO:utils:Epoch-262	loss:0.00000
INFO:utils:Epoch-263	loss:0.00000
INFO:utils:Epoch-264	loss:0.00000
INFO:utils:Epoch-265	loss:0.00014
INFO:utils:Epoch-266	loss:0.00232
INFO:utils:Epoch-267	loss:0.00000
INFO:utils:Epoch-268	loss:0.00003
INFO:utils:Epoch-269	loss:0.00017
INFO:utils:Epoch-270	loss:0.00058
INFO:utils:Acc_balanced: 1.000
INFO:utils:Best epoch now is:  270
INFO:utils:Epoch-271	loss:0.00006
INFO:utils:Epoch-272	loss:0.00027
INFO:utils:Epoch-273	loss:0.00003
INFO:utils:Epoch-274	loss:0.00000
INFO:utils:Epoch-275	loss:0.00003
INFO:utils:Epoch-276	loss:0.00000
INFO:utils:Epoch-277	loss:0.00005
INFO:utils:Epoch-278	loss:0.00013
INFO:utils:Epoch-279	loss:0.00010
INFO:utils:Epoch-280	loss:0.00003
INFO:utils:Acc_balanced: 1.000
INFO:utils:Best epoch now is:  280
INFO:utils:Epoch-281	loss:0.00000
INFO:utils:Epoch-282	loss:0.00000
INFO:utils:Epoch-283	loss:0.00000
INFO:utils:Epoch-284	loss:0.00002
INFO:utils:Epoch-285	loss:0.00001
INFO:utils:Epoch-286	loss:0.00001
INFO:utils:Epoch-287	loss:0.00000
INFO:utils:Epoch-288	loss:0.00096
INFO:utils:Epoch-289	loss:0.00027
INFO:utils:Epoch-290	loss:0.00000
INFO:utils:Acc_balanced: 1.000
INFO:utils:Best epoch now is:  290
INFO:utils:Epoch-291	loss:0.00000
INFO:utils:Epoch-292	loss:0.00002
INFO:utils:Epoch-293	loss:0.00000
INFO:utils:Epoch-294	loss:0.00001
INFO:utils:Epoch-295	loss:0.00000
INFO:utils:Epoch-296	loss:0.00001
INFO:utils:Epoch-297	loss:0.00001
INFO:utils:Epoch-298	loss:0.00000
INFO:utils:Epoch-299	loss:0.00000
INFO:utils:Epoch-300	loss:0.00000
INFO:utils:Acc_balanced: 1.000
INFO:utils:Best epoch now is:  300
INFO:utils:Epoch-301	loss:0.00003
INFO:utils:Epoch-302	loss:0.00001
INFO:utils:Epoch-303	loss:0.00001
INFO:utils:Epoch-304	loss:0.00000
INFO:utils:Epoch-305	loss:0.00000
INFO:utils:Epoch-306	loss:0.00000
INFO:utils:Epoch-307	loss:0.00001
INFO:utils:Epoch-308	loss:0.00000
INFO:utils:Epoch-309	loss:0.00006
INFO:utils:Epoch-310	loss:0.00000
INFO:utils:Acc_balanced: 1.000
INFO:utils:Best epoch now is:  310
INFO:utils:Epoch-311	loss:0.00000
INFO:utils:Epoch-312	loss:0.00000
INFO:utils:Epoch-313	loss:0.00000
INFO:utils:Epoch-314	loss:0.00000
INFO:utils:Epoch-315	loss:0.00000
INFO:utils:Epoch-316	loss:0.00147
INFO:utils:Epoch-317	loss:0.00003
INFO:utils:Epoch-318	loss:0.00000
INFO:utils:Epoch-319	loss:0.00001
INFO:utils:Epoch-320	loss:0.00065
INFO:utils:Acc_balanced: 1.000
INFO:utils:Best epoch now is:  320
INFO:utils:Epoch-321	loss:0.00001
INFO:utils:Epoch-322	loss:0.00000
INFO:utils:Epoch-323	loss:0.00000
INFO:utils:Epoch-324	loss:0.00000
INFO:utils:Epoch-325	loss:0.00021
INFO:utils:Epoch-326	loss:0.00044
INFO:utils:Epoch-327	loss:0.00004
INFO:utils:Epoch-328	loss:0.00000
INFO:utils:Epoch-329	loss:0.00059
INFO:utils:Epoch-330	loss:0.00005
INFO:utils:Acc_balanced: 1.000
INFO:utils:Best epoch now is:  330
INFO:utils:Epoch-331	loss:0.00002
INFO:utils:Epoch-332	loss:0.00004
INFO:utils:Epoch-333	loss:0.00002
INFO:utils:Epoch-334	loss:0.00000
INFO:utils:Epoch-335	loss:0.00000
INFO:utils:Epoch-336	loss:0.00000
INFO:utils:Epoch-337	loss:0.00000
INFO:utils:Epoch-338	loss:0.00000
INFO:utils:Epoch-339	loss:0.00000
INFO:utils:Epoch-340	loss:0.00001
INFO:utils:Acc_balanced: 1.000
INFO:utils:Best epoch now is:  340
INFO:utils:Epoch-341	loss:0.00000
INFO:utils:Epoch-342	loss:0.00001
INFO:utils:Epoch-343	loss:0.00000
INFO:utils:Epoch-344	loss:0.00000
INFO:utils:Epoch-345	loss:0.00009
INFO:utils:Epoch-346	loss:0.00001
INFO:utils:Epoch-347	loss:0.00006
INFO:utils:Epoch-348	loss:0.00000
INFO:utils:Epoch-349	loss:0.00000
INFO:utils:Epoch-350	loss:0.00001
INFO:utils:Acc_balanced: 1.000
INFO:utils:Best epoch now is:  350
INFO:utils:Epoch-351	loss:0.00000
INFO:utils:Epoch-352	loss:0.00037
INFO:utils:Epoch-353	loss:0.00014
INFO:utils:Epoch-354	loss:0.00000
INFO:utils:Epoch-355	loss:0.00000
INFO:utils:Epoch-356	loss:0.00000
INFO:utils:Epoch-357	loss:0.00000
INFO:utils:Epoch-358	loss:0.00000
INFO:utils:Epoch-359	loss:0.00000
INFO:utils:Epoch-360	loss:0.00000
INFO:utils:Acc_balanced: 1.000
INFO:utils:Best epoch now is:  360
INFO:utils:Epoch-361	loss:0.00000
INFO:utils:Epoch-362	loss:0.00000
INFO:utils:Epoch-363	loss:0.00000
INFO:utils:Epoch-364	loss:0.00000
INFO:utils:Epoch-365	loss:0.00000
INFO:utils:Epoch-366	loss:0.00001
INFO:utils:Epoch-367	loss:0.00000
INFO:utils:Epoch-368	loss:0.00000
INFO:utils:Epoch-369	loss:0.00002
INFO:utils:Epoch-370	loss:0.00000
INFO:utils:Acc_balanced: 1.000
INFO:utils:Best epoch now is:  370
INFO:utils:Epoch-371	loss:0.00001
INFO:utils:Epoch-372	loss:0.00000
INFO:utils:Epoch-373	loss:0.00000
INFO:utils:Epoch-374	loss:0.00000
INFO:utils:Epoch-375	loss:0.00000
INFO:utils:Epoch-376	loss:0.00000
INFO:utils:Epoch-377	loss:0.00000
INFO:utils:Epoch-378	loss:0.00000
INFO:utils:Epoch-379	loss:0.00000
INFO:utils:Epoch-380	loss:0.00000
INFO:utils:Acc_balanced: 1.000
INFO:utils:Best epoch now is:  380
INFO:utils:Epoch-381	loss:0.00001
INFO:utils:Epoch-382	loss:0.00000
INFO:utils:Epoch-383	loss:0.00001
INFO:utils:Epoch-384	loss:0.00004
INFO:utils:Epoch-385	loss:0.00000
INFO:utils:Epoch-386	loss:0.00000
INFO:utils:Epoch-387	loss:0.00000
INFO:utils:Epoch-388	loss:0.00006
INFO:utils:Epoch-389	loss:0.00001
INFO:utils:Epoch-390	loss:0.00000
INFO:utils:Acc_balanced: 1.000
INFO:utils:Best epoch now is:  390
INFO:utils:Epoch-391	loss:0.00000
INFO:utils:Epoch-392	loss:0.00036
INFO:utils:Epoch-393	loss:0.00002
INFO:utils:Epoch-394	loss:0.00001
INFO:utils:Epoch-395	loss:0.00000
INFO:utils:Epoch-396	loss:0.00000
INFO:utils:Epoch-397	loss:0.00000
INFO:utils:Epoch-398	loss:0.00000
INFO:utils:Epoch-399	loss:0.00000
INFO:utils:Epoch-400	loss:0.00000
INFO:utils:Acc_balanced: 1.000
INFO:utils:Best epoch now is:  400
INFO:utils:Epoch-401	loss:0.00000
INFO:utils:Epoch-402	loss:0.00000
INFO:utils:Epoch-403	loss:0.00000
INFO:utils:Epoch-404	loss:0.00000
INFO:utils:Epoch-405	loss:0.00000
INFO:utils:Epoch-406	loss:0.00000
INFO:utils:Epoch-407	loss:0.00000
INFO:utils:Epoch-408	loss:0.00001
INFO:utils:Epoch-409	loss:0.00000
INFO:utils:Epoch-410	loss:0.00000
INFO:utils:Acc_balanced: 1.000
INFO:utils:Best epoch now is:  410
INFO:utils:Epoch-411	loss:0.00000
INFO:utils:Epoch-412	loss:0.00007
INFO:utils:Epoch-413	loss:0.00000
INFO:utils:Epoch-414	loss:0.00000
INFO:utils:Epoch-415	loss:0.00000
INFO:utils:Epoch-416	loss:0.00000
INFO:utils:Epoch-417	loss:0.00000
INFO:utils:Epoch-418	loss:0.00000
INFO:utils:Epoch-419	loss:0.00000
INFO:utils:Epoch-420	loss:0.00000
INFO:utils:Acc_balanced: 1.000
INFO:utils:Best epoch now is:  420
INFO:utils:Epoch-421	loss:0.00000
INFO:utils:Epoch-422	loss:0.00000
INFO:utils:Epoch-423	loss:0.00008
INFO:utils:Epoch-424	loss:0.00000
INFO:utils:Epoch-425	loss:0.00000
INFO:utils:Epoch-426	loss:0.00000
INFO:utils:Epoch-427	loss:0.00000
INFO:utils:Epoch-428	loss:0.00000
INFO:utils:Epoch-429	loss:0.00000
INFO:utils:Epoch-430	loss:0.00000
INFO:utils:Acc_balanced: 1.000
INFO:utils:Best epoch now is:  430
INFO:utils:Epoch-431	loss:0.00000
INFO:utils:Epoch-432	loss:0.00000
INFO:utils:Epoch-433	loss:0.00000
INFO:utils:Epoch-434	loss:0.00000
INFO:utils:Epoch-435	loss:0.00000
INFO:utils:Epoch-436	loss:0.00000
INFO:utils:Epoch-437	loss:0.00000
INFO:utils:Epoch-438	loss:0.00000
INFO:utils:Epoch-439	loss:0.00000
INFO:utils:Epoch-440	loss:0.00000
INFO:utils:Acc_balanced: 1.000
INFO:utils:Best epoch now is:  440
INFO:utils:Epoch-441	loss:0.00000
INFO:utils:Epoch-442	loss:0.00000
INFO:utils:Epoch-443	loss:0.00000
INFO:utils:Epoch-444	loss:0.00000
INFO:utils:Epoch-445	loss:0.00000
INFO:utils:Epoch-446	loss:0.00000
INFO:utils:Epoch-447	loss:0.00000
INFO:utils:Epoch-448	loss:0.00081
INFO:utils:Epoch-449	loss:0.00000
INFO:utils:Epoch-450	loss:0.00001
INFO:utils:Acc_balanced: 1.000
INFO:utils:Best epoch now is:  450
INFO:utils:Epoch-451	loss:0.00000
INFO:utils:Epoch-452	loss:0.00000
INFO:utils:Epoch-453	loss:0.00000
INFO:utils:Epoch-454	loss:0.00000
INFO:utils:Epoch-455	loss:0.00000
INFO:utils:Epoch-456	loss:0.00000
INFO:utils:Epoch-457	loss:0.00000
INFO:utils:Epoch-458	loss:0.00000
INFO:utils:Epoch-459	loss:0.00000
INFO:utils:Epoch-460	loss:0.00000
INFO:utils:Acc_balanced: 1.000
INFO:utils:Best epoch now is:  460
INFO:utils:Epoch-461	loss:0.00000
INFO:utils:Epoch-462	loss:0.00000
INFO:utils:Epoch-463	loss:0.00000
INFO:utils:Epoch-464	loss:0.00010
INFO:utils:Epoch-465	loss:0.00000
INFO:utils:Epoch-466	loss:0.00000
INFO:utils:Epoch-467	loss:0.00000
INFO:utils:Epoch-468	loss:0.00000
INFO:utils:Epoch-469	loss:0.00000
INFO:utils:Epoch-470	loss:0.00000
INFO:utils:Acc_balanced: 1.000
INFO:utils:Best epoch now is:  470
INFO:utils:Epoch-471	loss:0.00000
INFO:utils:Epoch-472	loss:0.00000
INFO:utils:Epoch-473	loss:0.00000
INFO:utils:Epoch-474	loss:0.00000
INFO:utils:Epoch-475	loss:0.00000
INFO:utils:Epoch-476	loss:0.00001
INFO:utils:Epoch-477	loss:0.00000
INFO:utils:Epoch-478	loss:0.00000
INFO:utils:Epoch-479	loss:0.00000
INFO:utils:Epoch-480	loss:0.00000
INFO:utils:Acc_balanced: 1.000
INFO:utils:Best epoch now is:  480
INFO:utils:Epoch-481	loss:0.00000
INFO:utils:Epoch-482	loss:0.00000
INFO:utils:Epoch-483	loss:0.00000
INFO:utils:Epoch-484	loss:0.00000
INFO:utils:Epoch-485	loss:0.00000
INFO:utils:Epoch-486	loss:0.00000
INFO:utils:Epoch-487	loss:0.00009
INFO:utils:Epoch-488	loss:0.00000
INFO:utils:Epoch-489	loss:0.00000
INFO:utils:Epoch-490	loss:0.00000
INFO:utils:Acc_balanced: 1.000
INFO:utils:Best epoch now is:  490
INFO:utils:Epoch-491	loss:0.00000
INFO:utils:Epoch-492	loss:0.00000
INFO:utils:Epoch-493	loss:0.00000
INFO:utils:Epoch-494	loss:0.00000
INFO:utils:Epoch-495	loss:0.00000
INFO:utils:Epoch-496	loss:0.00000
INFO:utils:Epoch-497	loss:0.00000
INFO:utils:Epoch-498	loss:0.00000
INFO:utils:Epoch-499	loss:0.00000
INFO:utils:Epoch-500	loss:0.00000
INFO:utils:Acc_balanced: 1.000
INFO:utils:Best epoch now is:  500
INFO:utils:STgram-MFN(m=0.7,s=30)
INFO:utils:STgram-MFN(m=0.7,s=30)
INFO:utils:STgram-MFN(m=0.7,s=30)
